[debug] [2023-12-07T21:41:49.131Z] ----------------------------------------------------------------------
[debug] [2023-12-07T21:41:49.135Z] Command:       C:\Program Files\nodejs\node.exe C:\wamp64\www\artisancoiffurets\backend\node_modules\firebase-tools\lib\bin\firebase.js serve
[debug] [2023-12-07T21:41:49.135Z] CLI Version:   13.0.0
[debug] [2023-12-07T21:41:49.136Z] Platform:      win32
[debug] [2023-12-07T21:41:49.136Z] Node Version:  v20.10.0
[debug] [2023-12-07T21:41:49.136Z] Time:          Thu Dec 07 2023 21:41:49 GMT+0000 (heure moyenne de Greenwich)
[debug] [2023-12-07T21:41:49.136Z] ----------------------------------------------------------------------
[debug] 
[debug] [2023-12-07T21:41:49.280Z] > command requires scopes: ["email","openid","https://www.googleapis.com/auth/cloudplatformprojects.readonly","https://www.googleapis.com/auth/firebase","https://www.googleapis.com/auth/cloud-platform"]
[debug] [2023-12-07T21:41:49.280Z] > authorizing via signed-in user (jocelynboka@gmail.com)
[debug] [2023-12-07T21:41:49.280Z] [iam] checking project backartisan for permissions ["firebase.projects.get"]
[debug] [2023-12-07T21:41:49.283Z] >>> [apiv2][query] POST https://cloudresourcemanager.googleapis.com/v1/projects/backartisan:testIamPermissions [none]
[debug] [2023-12-07T21:41:49.283Z] >>> [apiv2][(partial)header] POST https://cloudresourcemanager.googleapis.com/v1/projects/backartisan:testIamPermissions x-goog-quota-user=projects/backartisan
[debug] [2023-12-07T21:41:49.283Z] >>> [apiv2][body] POST https://cloudresourcemanager.googleapis.com/v1/projects/backartisan:testIamPermissions {"permissions":["firebase.projects.get"]}
[debug] [2023-12-07T21:41:50.309Z] <<< [apiv2][status] POST https://cloudresourcemanager.googleapis.com/v1/projects/backartisan:testIamPermissions 200
[debug] [2023-12-07T21:41:50.309Z] <<< [apiv2][body] POST https://cloudresourcemanager.googleapis.com/v1/projects/backartisan:testIamPermissions {"permissions":["firebase.projects.get"]}
[debug] [2023-12-07T21:41:50.310Z] >>> [apiv2][query] GET https://firebase.googleapis.com/v1beta1/projects/backartisan [none]
[debug] [2023-12-07T21:41:50.910Z] <<< [apiv2][status] GET https://firebase.googleapis.com/v1beta1/projects/backartisan 200
[debug] [2023-12-07T21:41:50.910Z] <<< [apiv2][body] GET https://firebase.googleapis.com/v1beta1/projects/backartisan {"projectId":"backartisan","projectNumber":"430731614411","displayName":"backartisan","name":"projects/backartisan","resources":{"hostingSite":"backartisan"},"state":"ACTIVE","etag":"1_d48f8c98-b9ad-4c17-bb1f-d15b2a27d0a1"}
[info] 
[info] === Serving from 'C:\wamp64\www\artisancoiffurets\backend\firebase-node'...
[info] 
[debug] [2023-12-07T21:41:50.917Z] defaultcredentials: writing to file C:\Users\jocelynboka\AppData\Roaming\firebase\jocelynboka_gmail_com_application_default_credentials.json
[debug] [2023-12-07T21:41:50.921Z] Setting GAC to C:\Users\jocelynboka\AppData\Roaming\firebase\jocelynboka_gmail_com_application_default_credentials.json {"metadata":{"emulator":{"name":"functions"},"message":"Setting GAC to C:\\Users\\jocelynboka\\AppData\\Roaming\\firebase\\jocelynboka_gmail_com_application_default_credentials.json"}}
[debug] [2023-12-07T21:41:50.922Z] >>> [apiv2][query] GET https://firebase.googleapis.com/v1beta1/projects/backartisan/adminSdkConfig [none]
[debug] [2023-12-07T21:41:51.187Z] <<< [apiv2][status] GET https://firebase.googleapis.com/v1beta1/projects/backartisan/adminSdkConfig 200
[debug] [2023-12-07T21:41:51.187Z] <<< [apiv2][body] GET https://firebase.googleapis.com/v1beta1/projects/backartisan/adminSdkConfig {"projectId":"backartisan","storageBucket":"backartisan.appspot.com"}
[info] i  functions: Watching "C:\wamp64\www\artisancoiffurets\backend\firebase-node\functions" for Cloud Functions... {"metadata":{"emulator":{"name":"functions"},"message":"Watching \"C:\\wamp64\\www\\artisancoiffurets\\backend\\firebase-node\\functions\" for Cloud Functions..."}}
[debug] [2023-12-07T21:41:51.211Z] Validating nodejs source
[debug] [2023-12-07T21:41:53.249Z] > [functions] package.json contents: {
  "name": "functions",
  "description": "Cloud Functions for Firebase",
  "scripts": {
    "lint": "eslint .",
    "serve": "firebase emulators:start --only functions",
    "shell": "firebase functions:shell",
    "start": "npm run shell",
    "deploy": "firebase deploy --only functions",
    "logs": "firebase functions:log"
  },
  "engines": {
    "node": "18"
  },
  "main": "app.js",
  "dependencies": {
    "cors": "^2.8.5",
    "dotenv": "^16.3.1",
    "express": "^4.18.1",
    "lodash": "^4.17.21",
    "mongoose": "^6.6.2",
    "multer": "^1.4.4",
    "multer-gridfs-storage": "^5.0.2",
    "firebase-admin": "^11.8.0",
    "firebase-functions": "^4.3.1"
  },
  "devDependencies": {
    "eslint": "^8.15.0",
    "eslint-config-google": "^0.14.0",
    "firebase-functions-test": "^3.1.0"
  },
  "private": true
}
[debug] [2023-12-07T21:41:53.250Z] Building nodejs source
[debug] [2023-12-07T21:41:53.250Z] Failed to find version of module node: reached end of search path C:\wamp64\www\artisancoiffurets\backend\firebase-node\functions\node_modules
[warn] !  functions: Your requested "node" version "18" doesn't match your global version "20". Using node@20 from host. 
[info] i  functions: Loaded environment variables from .env. 
[debug] [2023-12-07T21:41:53.255Z] Could not find functions.yaml. Must use http discovery
[debug] [2023-12-07T21:41:53.272Z] Found firebase-functions binary at 'C:\wamp64\www\artisancoiffurets\backend\firebase-node\functions\node_modules\.bin\firebase-functions'
[info] Serving at port 8775

[error] C:\wamp64\www\artisancoiffurets\backend\firebase-node\functions\app.js:9
const { functions } = require('lodash');
        ^

SyntaxError: Identifier 'functions' has already been declared
    at internalCompileFunction (node:internal/vm:77:18)
    at wrapSafe (node:internal/modules/cjs/loader:1288:20)
    at Module._compile (node:internal/modules/cjs/loader:1340:27)
    at Module._extensions..js (node:internal/modules/cjs/loader:1435:10)
    at Module.load (node:internal/modules/cjs/loader:1207:32)
    at Module._load (node:internal/modules/cjs/loader:1023:12)
    at Module.require (node:internal/modules/cjs/loader:1235:19)
    at require (node:internal/modules/helpers:176:18)
    at loadModule (C:\wamp64\www\artisancoiffurets\backend\firebase-node\functions\node_modules\firebase-functions\lib\runtime\loader.js:40:16)
    at loadStack (C:\wamp64\www\artisancoiffurets\backend\firebase-node\functions\node_modules\firebase-functions\lib\runtime\loader.js:93:23)

[debug] [2023-12-07T21:41:53.681Z] Got response code 400; body Failed to generate manifest from function source: SyntaxError: Identifier 'functions' has already been declared
[error] !!  functions: Failed to load function definition from source: FirebaseError: Functions codebase could not be analyzed successfully. It may have a syntax or runtime error {"metadata":{"emulator":{"name":"functions"},"message":"Failed to load function definition from source: FirebaseError: Functions codebase could not be analyzed successfully. It may have a syntax or runtime error"}}
[debug] [2023-12-07T21:43:07.920Z] File C:\wamp64\www\artisancoiffurets\backend\firebase-node\functions\app.js changed, reloading triggers {"metadata":{"emulator":{"name":"functions"},"message":"File C:\\wamp64\\www\\artisancoiffurets\\backend\\firebase-node\\functions\\app.js changed, reloading triggers"}}
[debug] [2023-12-07T21:43:08.926Z] Validating nodejs source
[debug] [2023-12-07T21:43:12.841Z] > [functions] package.json contents: {
  "name": "functions",
  "description": "Cloud Functions for Firebase",
  "scripts": {
    "lint": "eslint .",
    "serve": "firebase emulators:start --only functions",
    "shell": "firebase functions:shell",
    "start": "npm run shell",
    "deploy": "firebase deploy --only functions",
    "logs": "firebase functions:log"
  },
  "engines": {
    "node": "18"
  },
  "main": "app.js",
  "dependencies": {
    "cors": "^2.8.5",
    "dotenv": "^16.3.1",
    "express": "^4.18.1",
    "lodash": "^4.17.21",
    "mongoose": "^6.6.2",
    "multer": "^1.4.4",
    "multer-gridfs-storage": "^5.0.2",
    "firebase-admin": "^11.8.0",
    "firebase-functions": "^4.3.1"
  },
  "devDependencies": {
    "eslint": "^8.15.0",
    "eslint-config-google": "^0.14.0",
    "firebase-functions-test": "^3.1.0"
  },
  "private": true
}
[debug] [2023-12-07T21:43:12.842Z] Building nodejs source
[debug] [2023-12-07T21:43:12.842Z] Failed to find version of module node: reached end of search path C:\wamp64\www\artisancoiffurets\backend\firebase-node\functions\node_modules
[warn] !  functions: Your requested "node" version "18" doesn't match your global version "20". Using node@20 from host. 
[info] i  functions: Loaded environment variables from .env. 
[debug] [2023-12-07T21:43:12.847Z] Could not find functions.yaml. Must use http discovery
[debug] [2023-12-07T21:43:12.875Z] Found firebase-functions binary at 'C:\wamp64\www\artisancoiffurets\backend\firebase-node\functions\node_modules\.bin\firebase-functions'
[info] Serving at port 8601

[debug] [2023-12-07T21:43:15.863Z] Got response from /__/functions.yaml {"endpoints":{"app":{"platform":"gcfv1","availableMemoryMb":null,"timeoutSeconds":null,"minInstances":null,"maxInstances":null,"ingressSettings":null,"serviceAccountEmail":null,"vpc":null,"httpsTrigger":{},"entryPoint":"app"}},"specVersion":"v1alpha1","requiredAPIs":[]}
[info] Connexion à MongoDB réussie !

[info] +  functions: Loaded functions definitions from source: app. {"metadata":{"emulator":{"name":"functions"},"message":"Loaded functions definitions from source: app."}}
[info] +  functions[us-central1-app]: http function initialized (http://localhost:5000/backartisan/us-central1/app). {"metadata":{"emulator":{"name":"functions"},"message":"\u001b[1mhttp\u001b[22m function initialized (http://localhost:5000/backartisan/us-central1/app)."}}
[debug] [2023-12-07T21:43:56.949Z] [work-queue] {"queuedWork":["/backartisan/us-central1/app-2023-12-07T21:43:56.949Z"],"queueLength":1,"runningWork":[],"workRunningCount":0}
[debug] [2023-12-07T21:43:56.949Z] [work-queue] {"queuedWork":[],"queueLength":0,"runningWork":["/backartisan/us-central1/app-2023-12-07T21:43:56.949Z"],"workRunningCount":1}
[debug] [2023-12-07T21:43:56.949Z] Accepted request GET /backartisan/us-central1/app --> us-central1-app
[debug] [2023-12-07T21:43:56.957Z] [functions] Runtime ready! Sending request! {"metadata":{"emulator":{"name":"functions"},"message":"[functions] Runtime ready! Sending request!"}}
[debug] [2023-12-07T21:43:56.958Z] [functions] Got req.url=/backartisan/us-central1/app, mapping to path=/ {"metadata":{"emulator":{"name":"functions"},"message":"[functions] Got req.url=/backartisan/us-central1/app, mapping to path=/"}}
[info] i  functions: Loaded environment variables from .env. 
[debug] [2023-12-07T21:43:56.973Z] [worker-pool] addWorker(us-central1-app) {"metadata":{"emulator":{"name":"functions"},"message":"[worker-pool] addWorker(us-central1-app)"}}
[debug] [2023-12-07T21:43:56.974Z] [worker-pool] Adding worker with key us-central1-app, total=1 {"metadata":{"emulator":{"name":"functions"},"message":"[worker-pool] Adding worker with key us-central1-app, total=1"}}
[debug] [2023-12-07T21:43:57.042Z] [work-queue] {"queuedWork":["/backartisan/us-central1/app-2023-12-07T21:43:57.042Z"],"queueLength":1,"runningWork":["/backartisan/us-central1/app-2023-12-07T21:43:56.949Z"],"workRunningCount":1}
[debug] [2023-12-07T21:43:57.042Z] [work-queue] {"queuedWork":[],"queueLength":0,"runningWork":["/backartisan/us-central1/app-2023-12-07T21:43:56.949Z","/backartisan/us-central1/app-2023-12-07T21:43:57.042Z"],"workRunningCount":2}
[debug] [2023-12-07T21:43:57.042Z] Accepted request GET /backartisan/us-central1/app --> us-central1-app
[debug] [2023-12-07T21:43:57.046Z] [functions] Runtime ready! Sending request! {"metadata":{"emulator":{"name":"functions"},"message":"[functions] Runtime ready! Sending request!"}}
[debug] [2023-12-07T21:43:57.046Z] [functions] Got req.url=/backartisan/us-central1/app, mapping to path=/ {"metadata":{"emulator":{"name":"functions"},"message":"[functions] Got req.url=/backartisan/us-central1/app, mapping to path=/"}}
[info] i  functions: Loaded environment variables from .env. 
[debug] [2023-12-07T21:43:57.057Z] [worker-pool] addWorker(us-central1-app) {"metadata":{"emulator":{"name":"functions"},"message":"[worker-pool] addWorker(us-central1-app)"}}
[debug] [2023-12-07T21:43:57.059Z] [worker-pool] Adding worker with key us-central1-app, total=2 {"metadata":{"emulator":{"name":"functions"},"message":"[worker-pool] Adding worker with key us-central1-app, total=2"}}
[debug] [2023-12-07T21:43:57.071Z] [work-queue] {"queuedWork":["/backartisan/us-central1/app-2023-12-07T21:43:57.071Z"],"queueLength":1,"runningWork":["/backartisan/us-central1/app-2023-12-07T21:43:56.949Z","/backartisan/us-central1/app-2023-12-07T21:43:57.042Z"],"workRunningCount":2}
[debug] [2023-12-07T21:43:57.072Z] [work-queue] {"queuedWork":[],"queueLength":0,"runningWork":["/backartisan/us-central1/app-2023-12-07T21:43:56.949Z","/backartisan/us-central1/app-2023-12-07T21:43:57.042Z","/backartisan/us-central1/app-2023-12-07T21:43:57.071Z"],"workRunningCount":3}
[debug] [2023-12-07T21:43:57.072Z] Accepted request GET /backartisan/us-central1/app --> us-central1-app
[debug] [2023-12-07T21:43:57.076Z] [functions] Runtime ready! Sending request! {"metadata":{"emulator":{"name":"functions"},"message":"[functions] Runtime ready! Sending request!"}}
[debug] [2023-12-07T21:43:57.077Z] [functions] Got req.url=/backartisan/us-central1/app, mapping to path=/ {"metadata":{"emulator":{"name":"functions"},"message":"[functions] Got req.url=/backartisan/us-central1/app, mapping to path=/"}}
[info] i  functions: Loaded environment variables from .env. 
[debug] [2023-12-07T21:43:57.092Z] [worker-pool] addWorker(us-central1-app) {"metadata":{"emulator":{"name":"functions"},"message":"[worker-pool] addWorker(us-central1-app)"}}
[debug] [2023-12-07T21:43:57.093Z] [worker-pool] Adding worker with key us-central1-app, total=3 {"metadata":{"emulator":{"name":"functions"},"message":"[worker-pool] Adding worker with key us-central1-app, total=3"}}
[debug] [2023-12-07T21:43:57.096Z] [work-queue] {"queuedWork":["/backartisan/us-central1/app-2023-12-07T21:43:57.096Z"],"queueLength":1,"runningWork":["/backartisan/us-central1/app-2023-12-07T21:43:56.949Z","/backartisan/us-central1/app-2023-12-07T21:43:57.042Z","/backartisan/us-central1/app-2023-12-07T21:43:57.071Z"],"workRunningCount":3}
[debug] [2023-12-07T21:43:57.096Z] [work-queue] {"queuedWork":[],"queueLength":0,"runningWork":["/backartisan/us-central1/app-2023-12-07T21:43:56.949Z","/backartisan/us-central1/app-2023-12-07T21:43:57.042Z","/backartisan/us-central1/app-2023-12-07T21:43:57.071Z","/backartisan/us-central1/app-2023-12-07T21:43:57.096Z"],"workRunningCount":4}
[debug] [2023-12-07T21:43:57.096Z] Accepted request GET /backartisan/us-central1/app --> us-central1-app
[debug] [2023-12-07T21:43:57.101Z] [functions] Runtime ready! Sending request! {"metadata":{"emulator":{"name":"functions"},"message":"[functions] Runtime ready! Sending request!"}}
[debug] [2023-12-07T21:43:57.102Z] [functions] Got req.url=/backartisan/us-central1/app, mapping to path=/ {"metadata":{"emulator":{"name":"functions"},"message":"[functions] Got req.url=/backartisan/us-central1/app, mapping to path=/"}}
[info] i  functions: Loaded environment variables from .env. 
[debug] [2023-12-07T21:43:57.123Z] [worker-pool] addWorker(us-central1-app) {"metadata":{"emulator":{"name":"functions"},"message":"[worker-pool] addWorker(us-central1-app)"}}
[debug] [2023-12-07T21:43:57.124Z] [worker-pool] Adding worker with key us-central1-app, total=4 {"metadata":{"emulator":{"name":"functions"},"message":"[worker-pool] Adding worker with key us-central1-app, total=4"}}
[debug] [2023-12-07T21:43:59.914Z] [runtime-status] [23756] Resolved module firebase-admin {"declared":true,"installed":true,"version":"11.11.1","resolution":"C:\\wamp64\\www\\artisancoiffurets\\backend\\firebase-node\\functions\\node_modules\\firebase-admin\\lib\\index.js"} {"metadata":{"emulator":{"name":"functions"},"function":{"name":"us-central1-app"},"extension":{},"message":"[runtime-status] [23756] Resolved module firebase-admin {\"declared\":true,\"installed\":true,\"version\":\"11.11.1\",\"resolution\":\"C:\\\\wamp64\\\\www\\\\artisancoiffurets\\\\backend\\\\firebase-node\\\\functions\\\\node_modules\\\\firebase-admin\\\\lib\\\\index.js\"}"}}
[debug] [2023-12-07T21:43:59.915Z] [runtime-status] [9464] Resolved module firebase-admin {"declared":true,"installed":true,"version":"11.11.1","resolution":"C:\\wamp64\\www\\artisancoiffurets\\backend\\firebase-node\\functions\\node_modules\\firebase-admin\\lib\\index.js"} {"metadata":{"emulator":{"name":"functions"},"function":{"name":"us-central1-app"},"extension":{},"message":"[runtime-status] [9464] Resolved module firebase-admin {\"declared\":true,\"installed\":true,\"version\":\"11.11.1\",\"resolution\":\"C:\\\\wamp64\\\\www\\\\artisancoiffurets\\\\backend\\\\firebase-node\\\\functions\\\\node_modules\\\\firebase-admin\\\\lib\\\\index.js\"}"}}
[debug] [2023-12-07T21:43:59.916Z] [runtime-status] [7740] Resolved module firebase-admin {"declared":true,"installed":true,"version":"11.11.1","resolution":"C:\\wamp64\\www\\artisancoiffurets\\backend\\firebase-node\\functions\\node_modules\\firebase-admin\\lib\\index.js"} {"metadata":{"emulator":{"name":"functions"},"function":{"name":"us-central1-app"},"extension":{},"message":"[runtime-status] [7740] Resolved module firebase-admin {\"declared\":true,\"installed\":true,\"version\":\"11.11.1\",\"resolution\":\"C:\\\\wamp64\\\\www\\\\artisancoiffurets\\\\backend\\\\firebase-node\\\\functions\\\\node_modules\\\\firebase-admin\\\\lib\\\\index.js\"}"}}
[debug] [2023-12-07T21:43:59.918Z] [runtime-status] [9464] Resolved module firebase-functions {"declared":true,"installed":true,"version":"4.5.0","resolution":"C:\\wamp64\\www\\artisancoiffurets\\backend\\firebase-node\\functions\\node_modules\\firebase-functions\\lib\\v1\\index.js"} {"metadata":{"emulator":{"name":"functions"},"function":{"name":"us-central1-app"},"extension":{},"message":"[runtime-status] [9464] Resolved module firebase-functions {\"declared\":true,\"installed\":true,\"version\":\"4.5.0\",\"resolution\":\"C:\\\\wamp64\\\\www\\\\artisancoiffurets\\\\backend\\\\firebase-node\\\\functions\\\\node_modules\\\\firebase-functions\\\\lib\\\\v1\\\\index.js\"}"}}
[debug] [2023-12-07T21:43:59.919Z] [runtime-status] [23756] Resolved module firebase-functions {"declared":true,"installed":true,"version":"4.5.0","resolution":"C:\\wamp64\\www\\artisancoiffurets\\backend\\firebase-node\\functions\\node_modules\\firebase-functions\\lib\\v1\\index.js"} {"metadata":{"emulator":{"name":"functions"},"function":{"name":"us-central1-app"},"extension":{},"message":"[runtime-status] [23756] Resolved module firebase-functions {\"declared\":true,\"installed\":true,\"version\":\"4.5.0\",\"resolution\":\"C:\\\\wamp64\\\\www\\\\artisancoiffurets\\\\backend\\\\firebase-node\\\\functions\\\\node_modules\\\\firebase-functions\\\\lib\\\\v1\\\\index.js\"}"}}
[debug] [2023-12-07T21:43:59.919Z] [runtime-status] [7740] Resolved module firebase-functions {"declared":true,"installed":true,"version":"4.5.0","resolution":"C:\\wamp64\\www\\artisancoiffurets\\backend\\firebase-node\\functions\\node_modules\\firebase-functions\\lib\\v1\\index.js"} {"metadata":{"emulator":{"name":"functions"},"function":{"name":"us-central1-app"},"extension":{},"message":"[runtime-status] [7740] Resolved module firebase-functions {\"declared\":true,\"installed\":true,\"version\":\"4.5.0\",\"resolution\":\"C:\\\\wamp64\\\\www\\\\artisancoiffurets\\\\backend\\\\firebase-node\\\\functions\\\\node_modules\\\\firebase-functions\\\\lib\\\\v1\\\\index.js\"}"}}
[debug] [2023-12-07T21:43:59.919Z] [runtime-status] [8272] Resolved module firebase-admin {"declared":true,"installed":true,"version":"11.11.1","resolution":"C:\\wamp64\\www\\artisancoiffurets\\backend\\firebase-node\\functions\\node_modules\\firebase-admin\\lib\\index.js"} {"metadata":{"emulator":{"name":"functions"},"function":{"name":"us-central1-app"},"extension":{},"message":"[runtime-status] [8272] Resolved module firebase-admin {\"declared\":true,\"installed\":true,\"version\":\"11.11.1\",\"resolution\":\"C:\\\\wamp64\\\\www\\\\artisancoiffurets\\\\backend\\\\firebase-node\\\\functions\\\\node_modules\\\\firebase-admin\\\\lib\\\\index.js\"}"}}
[debug] [2023-12-07T21:43:59.920Z] [runtime-status] [9464] Outgoing network have been stubbed. [{"name":"http","status":"mocked"},{"name":"http","status":"mocked"},{"name":"https","status":"mocked"},{"name":"https","status":"mocked"},{"name":"net","status":"mocked"}] {"metadata":{"emulator":{"name":"functions"},"function":{"name":"us-central1-app"},"extension":{},"message":"[runtime-status] [9464] Outgoing network have been stubbed. [{\"name\":\"http\",\"status\":\"mocked\"},{\"name\":\"http\",\"status\":\"mocked\"},{\"name\":\"https\",\"status\":\"mocked\"},{\"name\":\"https\",\"status\":\"mocked\"},{\"name\":\"net\",\"status\":\"mocked\"}]"}}
[debug] [2023-12-07T21:43:59.920Z] [runtime-status] [23756] Outgoing network have been stubbed. [{"name":"http","status":"mocked"},{"name":"http","status":"mocked"},{"name":"https","status":"mocked"},{"name":"https","status":"mocked"},{"name":"net","status":"mocked"}] {"metadata":{"emulator":{"name":"functions"},"function":{"name":"us-central1-app"},"extension":{},"message":"[runtime-status] [23756] Outgoing network have been stubbed. [{\"name\":\"http\",\"status\":\"mocked\"},{\"name\":\"http\",\"status\":\"mocked\"},{\"name\":\"https\",\"status\":\"mocked\"},{\"name\":\"https\",\"status\":\"mocked\"},{\"name\":\"net\",\"status\":\"mocked\"}]"}}
[debug] [2023-12-07T21:43:59.920Z] [runtime-status] [23756] Resolved module firebase-functions {"declared":true,"installed":true,"version":"4.5.0","resolution":"C:\\wamp64\\www\\artisancoiffurets\\backend\\firebase-node\\functions\\node_modules\\firebase-functions\\lib\\v1\\index.js"} {"metadata":{"emulator":{"name":"functions"},"function":{"name":"us-central1-app"},"extension":{},"message":"[runtime-status] [23756] Resolved module firebase-functions {\"declared\":true,\"installed\":true,\"version\":\"4.5.0\",\"resolution\":\"C:\\\\wamp64\\\\www\\\\artisancoiffurets\\\\backend\\\\firebase-node\\\\functions\\\\node_modules\\\\firebase-functions\\\\lib\\\\v1\\\\index.js\"}"}}
[debug] [2023-12-07T21:43:59.921Z] [runtime-status] [7740] Outgoing network have been stubbed. [{"name":"http","status":"mocked"},{"name":"http","status":"mocked"},{"name":"https","status":"mocked"},{"name":"https","status":"mocked"},{"name":"net","status":"mocked"}] {"metadata":{"emulator":{"name":"functions"},"function":{"name":"us-central1-app"},"extension":{},"message":"[runtime-status] [7740] Outgoing network have been stubbed. [{\"name\":\"http\",\"status\":\"mocked\"},{\"name\":\"http\",\"status\":\"mocked\"},{\"name\":\"https\",\"status\":\"mocked\"},{\"name\":\"https\",\"status\":\"mocked\"},{\"name\":\"net\",\"status\":\"mocked\"}]"}}
[debug] [2023-12-07T21:43:59.921Z] [runtime-status] [9464] Resolved module firebase-functions {"declared":true,"installed":true,"version":"4.5.0","resolution":"C:\\wamp64\\www\\artisancoiffurets\\backend\\firebase-node\\functions\\node_modules\\firebase-functions\\lib\\v1\\index.js"} {"metadata":{"emulator":{"name":"functions"},"function":{"name":"us-central1-app"},"extension":{},"message":"[runtime-status] [9464] Resolved module firebase-functions {\"declared\":true,\"installed\":true,\"version\":\"4.5.0\",\"resolution\":\"C:\\\\wamp64\\\\www\\\\artisancoiffurets\\\\backend\\\\firebase-node\\\\functions\\\\node_modules\\\\firebase-functions\\\\lib\\\\v1\\\\index.js\"}"}}
[debug] [2023-12-07T21:43:59.922Z] [runtime-status] [7740] Resolved module firebase-functions {"declared":true,"installed":true,"version":"4.5.0","resolution":"C:\\wamp64\\www\\artisancoiffurets\\backend\\firebase-node\\functions\\node_modules\\firebase-functions\\lib\\v1\\index.js"} {"metadata":{"emulator":{"name":"functions"},"function":{"name":"us-central1-app"},"extension":{},"message":"[runtime-status] [7740] Resolved module firebase-functions {\"declared\":true,\"installed\":true,\"version\":\"4.5.0\",\"resolution\":\"C:\\\\wamp64\\\\www\\\\artisancoiffurets\\\\backend\\\\firebase-node\\\\functions\\\\node_modules\\\\firebase-functions\\\\lib\\\\v1\\\\index.js\"}"}}
[debug] [2023-12-07T21:43:59.922Z] [runtime-status] [8272] Resolved module firebase-functions {"declared":true,"installed":true,"version":"4.5.0","resolution":"C:\\wamp64\\www\\artisancoiffurets\\backend\\firebase-node\\functions\\node_modules\\firebase-functions\\lib\\v1\\index.js"} {"metadata":{"emulator":{"name":"functions"},"function":{"name":"us-central1-app"},"extension":{},"message":"[runtime-status] [8272] Resolved module firebase-functions {\"declared\":true,\"installed\":true,\"version\":\"4.5.0\",\"resolution\":\"C:\\\\wamp64\\\\www\\\\artisancoiffurets\\\\backend\\\\firebase-node\\\\functions\\\\node_modules\\\\firebase-functions\\\\lib\\\\v1\\\\index.js\"}"}}
[debug] [2023-12-07T21:43:59.923Z] [runtime-status] [8272] Outgoing network have been stubbed. [{"name":"http","status":"mocked"},{"name":"http","status":"mocked"},{"name":"https","status":"mocked"},{"name":"https","status":"mocked"},{"name":"net","status":"mocked"}] {"metadata":{"emulator":{"name":"functions"},"function":{"name":"us-central1-app"},"extension":{},"message":"[runtime-status] [8272] Outgoing network have been stubbed. [{\"name\":\"http\",\"status\":\"mocked\"},{\"name\":\"http\",\"status\":\"mocked\"},{\"name\":\"https\",\"status\":\"mocked\"},{\"name\":\"https\",\"status\":\"mocked\"},{\"name\":\"net\",\"status\":\"mocked\"}]"}}
[debug] [2023-12-07T21:43:59.925Z] [runtime-status] [8272] Resolved module firebase-functions {"declared":true,"installed":true,"version":"4.5.0","resolution":"C:\\wamp64\\www\\artisancoiffurets\\backend\\firebase-node\\functions\\node_modules\\firebase-functions\\lib\\v1\\index.js"} {"metadata":{"emulator":{"name":"functions"},"function":{"name":"us-central1-app"},"extension":{},"message":"[runtime-status] [8272] Resolved module firebase-functions {\"declared\":true,\"installed\":true,\"version\":\"4.5.0\",\"resolution\":\"C:\\\\wamp64\\\\www\\\\artisancoiffurets\\\\backend\\\\firebase-node\\\\functions\\\\node_modules\\\\firebase-functions\\\\lib\\\\v1\\\\index.js\"}"}}
[debug] [2023-12-07T21:44:00.550Z] [runtime-status] [7740] Checked functions.config() {"config":{}} {"metadata":{"emulator":{"name":"functions"},"function":{"name":"us-central1-app"},"extension":{},"message":"[runtime-status] [7740] Checked functions.config() {\"config\":{}}"}}
[debug] [2023-12-07T21:44:00.551Z] [runtime-status] [23756] Checked functions.config() {"config":{}} {"metadata":{"emulator":{"name":"functions"},"function":{"name":"us-central1-app"},"extension":{},"message":"[runtime-status] [23756] Checked functions.config() {\"config\":{}}"}}
[debug] [2023-12-07T21:44:00.551Z] [runtime-status] [23756] firebase-functions has been stubbed. {"functionsResolution":{"declared":true,"installed":true,"version":"4.5.0","resolution":"C:\\wamp64\\www\\artisancoiffurets\\backend\\firebase-node\\functions\\node_modules\\firebase-functions\\lib\\v1\\index.js"}} {"metadata":{"emulator":{"name":"functions"},"function":{"name":"us-central1-app"},"extension":{},"message":"[runtime-status] [23756] firebase-functions has been stubbed. {\"functionsResolution\":{\"declared\":true,\"installed\":true,\"version\":\"4.5.0\",\"resolution\":\"C:\\\\wamp64\\\\www\\\\artisancoiffurets\\\\backend\\\\firebase-node\\\\functions\\\\node_modules\\\\firebase-functions\\\\lib\\\\v1\\\\index.js\"}}"}}
[debug] [2023-12-07T21:44:00.552Z] [runtime-status] [8272] Checked functions.config() {"config":{}} {"metadata":{"emulator":{"name":"functions"},"function":{"name":"us-central1-app"},"extension":{},"message":"[runtime-status] [8272] Checked functions.config() {\"config\":{}}"}}
[debug] [2023-12-07T21:44:00.552Z] [runtime-status] [8272] firebase-functions has been stubbed. {"functionsResolution":{"declared":true,"installed":true,"version":"4.5.0","resolution":"C:\\wamp64\\www\\artisancoiffurets\\backend\\firebase-node\\functions\\node_modules\\firebase-functions\\lib\\v1\\index.js"}} {"metadata":{"emulator":{"name":"functions"},"function":{"name":"us-central1-app"},"extension":{},"message":"[runtime-status] [8272] firebase-functions has been stubbed. {\"functionsResolution\":{\"declared\":true,\"installed\":true,\"version\":\"4.5.0\",\"resolution\":\"C:\\\\wamp64\\\\www\\\\artisancoiffurets\\\\backend\\\\firebase-node\\\\functions\\\\node_modules\\\\firebase-functions\\\\lib\\\\v1\\\\index.js\"}}"}}
[debug] [2023-12-07T21:44:00.552Z] [runtime-status] [9464] Checked functions.config() {"config":{}} {"metadata":{"emulator":{"name":"functions"},"function":{"name":"us-central1-app"},"extension":{},"message":"[runtime-status] [9464] Checked functions.config() {\"config\":{}}"}}
[debug] [2023-12-07T21:44:00.553Z] [runtime-status] [9464] firebase-functions has been stubbed. {"functionsResolution":{"declared":true,"installed":true,"version":"4.5.0","resolution":"C:\\wamp64\\www\\artisancoiffurets\\backend\\firebase-node\\functions\\node_modules\\firebase-functions\\lib\\v1\\index.js"}} {"metadata":{"emulator":{"name":"functions"},"function":{"name":"us-central1-app"},"extension":{},"message":"[runtime-status] [9464] firebase-functions has been stubbed. {\"functionsResolution\":{\"declared\":true,\"installed\":true,\"version\":\"4.5.0\",\"resolution\":\"C:\\\\wamp64\\\\www\\\\artisancoiffurets\\\\backend\\\\firebase-node\\\\functions\\\\node_modules\\\\firebase-functions\\\\lib\\\\v1\\\\index.js\"}}"}}
[debug] [2023-12-07T21:44:00.553Z] [runtime-status] [9464] Resolved module firebase-functions {"declared":true,"installed":true,"version":"4.5.0","resolution":"C:\\wamp64\\www\\artisancoiffurets\\backend\\firebase-node\\functions\\node_modules\\firebase-functions\\lib\\v1\\index.js"} {"metadata":{"emulator":{"name":"functions"},"function":{"name":"us-central1-app"},"extension":{},"message":"[runtime-status] [9464] Resolved module firebase-functions {\"declared\":true,\"installed\":true,\"version\":\"4.5.0\",\"resolution\":\"C:\\\\wamp64\\\\www\\\\artisancoiffurets\\\\backend\\\\firebase-node\\\\functions\\\\node_modules\\\\firebase-functions\\\\lib\\\\v1\\\\index.js\"}"}}
[debug] [2023-12-07T21:44:00.554Z] [runtime-status] [7740] firebase-functions has been stubbed. {"functionsResolution":{"declared":true,"installed":true,"version":"4.5.0","resolution":"C:\\wamp64\\www\\artisancoiffurets\\backend\\firebase-node\\functions\\node_modules\\firebase-functions\\lib\\v1\\index.js"}} {"metadata":{"emulator":{"name":"functions"},"function":{"name":"us-central1-app"},"extension":{},"message":"[runtime-status] [7740] firebase-functions has been stubbed. {\"functionsResolution\":{\"declared\":true,\"installed\":true,\"version\":\"4.5.0\",\"resolution\":\"C:\\\\wamp64\\\\www\\\\artisancoiffurets\\\\backend\\\\firebase-node\\\\functions\\\\node_modules\\\\firebase-functions\\\\lib\\\\v1\\\\index.js\"}}"}}
[debug] [2023-12-07T21:44:00.555Z] [runtime-status] [7740] Resolved module firebase-functions {"declared":true,"installed":true,"version":"4.5.0","resolution":"C:\\wamp64\\www\\artisancoiffurets\\backend\\firebase-node\\functions\\node_modules\\firebase-functions\\lib\\v1\\index.js"} {"metadata":{"emulator":{"name":"functions"},"function":{"name":"us-central1-app"},"extension":{},"message":"[runtime-status] [7740] Resolved module firebase-functions {\"declared\":true,\"installed\":true,\"version\":\"4.5.0\",\"resolution\":\"C:\\\\wamp64\\\\www\\\\artisancoiffurets\\\\backend\\\\firebase-node\\\\functions\\\\node_modules\\\\firebase-functions\\\\lib\\\\v1\\\\index.js\"}"}}
[debug] [2023-12-07T21:44:00.555Z] [runtime-status] [23756] Resolved module firebase-functions {"declared":true,"installed":true,"version":"4.5.0","resolution":"C:\\wamp64\\www\\artisancoiffurets\\backend\\firebase-node\\functions\\node_modules\\firebase-functions\\lib\\v1\\index.js"} {"metadata":{"emulator":{"name":"functions"},"function":{"name":"us-central1-app"},"extension":{},"message":"[runtime-status] [23756] Resolved module firebase-functions {\"declared\":true,\"installed\":true,\"version\":\"4.5.0\",\"resolution\":\"C:\\\\wamp64\\\\www\\\\artisancoiffurets\\\\backend\\\\firebase-node\\\\functions\\\\node_modules\\\\firebase-functions\\\\lib\\\\v1\\\\index.js\"}"}}
[debug] [2023-12-07T21:44:00.555Z] [runtime-status] [23756] Resolved module firebase-admin {"declared":true,"installed":true,"version":"11.11.1","resolution":"C:\\wamp64\\www\\artisancoiffurets\\backend\\firebase-node\\functions\\node_modules\\firebase-admin\\lib\\index.js"} {"metadata":{"emulator":{"name":"functions"},"function":{"name":"us-central1-app"},"extension":{},"message":"[runtime-status] [23756] Resolved module firebase-admin {\"declared\":true,\"installed\":true,\"version\":\"11.11.1\",\"resolution\":\"C:\\\\wamp64\\\\www\\\\artisancoiffurets\\\\backend\\\\firebase-node\\\\functions\\\\node_modules\\\\firebase-admin\\\\lib\\\\index.js\"}"}}
[debug] [2023-12-07T21:44:00.555Z] [runtime-status] [8272] Resolved module firebase-functions {"declared":true,"installed":true,"version":"4.5.0","resolution":"C:\\wamp64\\www\\artisancoiffurets\\backend\\firebase-node\\functions\\node_modules\\firebase-functions\\lib\\v1\\index.js"} {"metadata":{"emulator":{"name":"functions"},"function":{"name":"us-central1-app"},"extension":{},"message":"[runtime-status] [8272] Resolved module firebase-functions {\"declared\":true,\"installed\":true,\"version\":\"4.5.0\",\"resolution\":\"C:\\\\wamp64\\\\www\\\\artisancoiffurets\\\\backend\\\\firebase-node\\\\functions\\\\node_modules\\\\firebase-functions\\\\lib\\\\v1\\\\index.js\"}"}}
[debug] [2023-12-07T21:44:00.556Z] [runtime-status] [8272] Resolved module firebase-admin {"declared":true,"installed":true,"version":"11.11.1","resolution":"C:\\wamp64\\www\\artisancoiffurets\\backend\\firebase-node\\functions\\node_modules\\firebase-admin\\lib\\index.js"} {"metadata":{"emulator":{"name":"functions"},"function":{"name":"us-central1-app"},"extension":{},"message":"[runtime-status] [8272] Resolved module firebase-admin {\"declared\":true,\"installed\":true,\"version\":\"11.11.1\",\"resolution\":\"C:\\\\wamp64\\\\www\\\\artisancoiffurets\\\\backend\\\\firebase-node\\\\functions\\\\node_modules\\\\firebase-admin\\\\lib\\\\index.js\"}"}}
[debug] [2023-12-07T21:44:00.556Z] [runtime-status] [9464] Resolved module firebase-admin {"declared":true,"installed":true,"version":"11.11.1","resolution":"C:\\wamp64\\www\\artisancoiffurets\\backend\\firebase-node\\functions\\node_modules\\firebase-admin\\lib\\index.js"} {"metadata":{"emulator":{"name":"functions"},"function":{"name":"us-central1-app"},"extension":{},"message":"[runtime-status] [9464] Resolved module firebase-admin {\"declared\":true,\"installed\":true,\"version\":\"11.11.1\",\"resolution\":\"C:\\\\wamp64\\\\www\\\\artisancoiffurets\\\\backend\\\\firebase-node\\\\functions\\\\node_modules\\\\firebase-admin\\\\lib\\\\index.js\"}"}}
[debug] [2023-12-07T21:44:00.556Z] [runtime-status] [7740] Resolved module firebase-admin {"declared":true,"installed":true,"version":"11.11.1","resolution":"C:\\wamp64\\www\\artisancoiffurets\\backend\\firebase-node\\functions\\node_modules\\firebase-admin\\lib\\index.js"} {"metadata":{"emulator":{"name":"functions"},"function":{"name":"us-central1-app"},"extension":{},"message":"[runtime-status] [7740] Resolved module firebase-admin {\"declared\":true,\"installed\":true,\"version\":\"11.11.1\",\"resolution\":\"C:\\\\wamp64\\\\www\\\\artisancoiffurets\\\\backend\\\\firebase-node\\\\functions\\\\node_modules\\\\firebase-admin\\\\lib\\\\index.js\"}"}}
[debug] [2023-12-07T21:44:00.563Z] [runtime-status] [23756] Resolved module firebase-functions {"declared":true,"installed":true,"version":"4.5.0","resolution":"C:\\wamp64\\www\\artisancoiffurets\\backend\\firebase-node\\functions\\node_modules\\firebase-functions\\lib\\v1\\index.js"} {"metadata":{"emulator":{"name":"functions"},"function":{"name":"us-central1-app"},"extension":{},"message":"[runtime-status] [23756] Resolved module firebase-functions {\"declared\":true,\"installed\":true,\"version\":\"4.5.0\",\"resolution\":\"C:\\\\wamp64\\\\www\\\\artisancoiffurets\\\\backend\\\\firebase-node\\\\functions\\\\node_modules\\\\firebase-functions\\\\lib\\\\v1\\\\index.js\"}"}}
[debug] [2023-12-07T21:44:00.564Z] [runtime-status] [8272] Resolved module firebase-functions {"declared":true,"installed":true,"version":"4.5.0","resolution":"C:\\wamp64\\www\\artisancoiffurets\\backend\\firebase-node\\functions\\node_modules\\firebase-functions\\lib\\v1\\index.js"} {"metadata":{"emulator":{"name":"functions"},"function":{"name":"us-central1-app"},"extension":{},"message":"[runtime-status] [8272] Resolved module firebase-functions {\"declared\":true,\"installed\":true,\"version\":\"4.5.0\",\"resolution\":\"C:\\\\wamp64\\\\www\\\\artisancoiffurets\\\\backend\\\\firebase-node\\\\functions\\\\node_modules\\\\firebase-functions\\\\lib\\\\v1\\\\index.js\"}"}}
[debug] [2023-12-07T21:44:00.565Z] [runtime-status] [8272] firebase-admin has been stubbed. {"adminResolution":{"declared":true,"installed":true,"version":"11.11.1","resolution":"C:\\wamp64\\www\\artisancoiffurets\\backend\\firebase-node\\functions\\node_modules\\firebase-admin\\lib\\index.js"}} {"metadata":{"emulator":{"name":"functions"},"function":{"name":"us-central1-app"},"extension":{},"message":"[runtime-status] [8272] firebase-admin has been stubbed. {\"adminResolution\":{\"declared\":true,\"installed\":true,\"version\":\"11.11.1\",\"resolution\":\"C:\\\\wamp64\\\\www\\\\artisancoiffurets\\\\backend\\\\firebase-node\\\\functions\\\\node_modules\\\\firebase-admin\\\\lib\\\\index.js\"}}"}}
[debug] [2023-12-07T21:44:00.565Z] [runtime-status] [23756] firebase-admin has been stubbed. {"adminResolution":{"declared":true,"installed":true,"version":"11.11.1","resolution":"C:\\wamp64\\www\\artisancoiffurets\\backend\\firebase-node\\functions\\node_modules\\firebase-admin\\lib\\index.js"}} {"metadata":{"emulator":{"name":"functions"},"function":{"name":"us-central1-app"},"extension":{},"message":"[runtime-status] [23756] firebase-admin has been stubbed. {\"adminResolution\":{\"declared\":true,\"installed\":true,\"version\":\"11.11.1\",\"resolution\":\"C:\\\\wamp64\\\\www\\\\artisancoiffurets\\\\backend\\\\firebase-node\\\\functions\\\\node_modules\\\\firebase-admin\\\\lib\\\\index.js\"}}"}}
[debug] [2023-12-07T21:44:00.566Z] [runtime-status] [9464] Resolved module firebase-functions {"declared":true,"installed":true,"version":"4.5.0","resolution":"C:\\wamp64\\www\\artisancoiffurets\\backend\\firebase-node\\functions\\node_modules\\firebase-functions\\lib\\v1\\index.js"} {"metadata":{"emulator":{"name":"functions"},"function":{"name":"us-central1-app"},"extension":{},"message":"[runtime-status] [9464] Resolved module firebase-functions {\"declared\":true,\"installed\":true,\"version\":\"4.5.0\",\"resolution\":\"C:\\\\wamp64\\\\www\\\\artisancoiffurets\\\\backend\\\\firebase-node\\\\functions\\\\node_modules\\\\firebase-functions\\\\lib\\\\v1\\\\index.js\"}"}}
[debug] [2023-12-07T21:44:00.566Z] [runtime-status] [9464] firebase-admin has been stubbed. {"adminResolution":{"declared":true,"installed":true,"version":"11.11.1","resolution":"C:\\wamp64\\www\\artisancoiffurets\\backend\\firebase-node\\functions\\node_modules\\firebase-admin\\lib\\index.js"}} {"metadata":{"emulator":{"name":"functions"},"function":{"name":"us-central1-app"},"extension":{},"message":"[runtime-status] [9464] firebase-admin has been stubbed. {\"adminResolution\":{\"declared\":true,\"installed\":true,\"version\":\"11.11.1\",\"resolution\":\"C:\\\\wamp64\\\\www\\\\artisancoiffurets\\\\backend\\\\firebase-node\\\\functions\\\\node_modules\\\\firebase-admin\\\\lib\\\\index.js\"}}"}}
[debug] [2023-12-07T21:44:00.566Z] [runtime-status] [7740] Resolved module firebase-functions {"declared":true,"installed":true,"version":"4.5.0","resolution":"C:\\wamp64\\www\\artisancoiffurets\\backend\\firebase-node\\functions\\node_modules\\firebase-functions\\lib\\v1\\index.js"} {"metadata":{"emulator":{"name":"functions"},"function":{"name":"us-central1-app"},"extension":{},"message":"[runtime-status] [7740] Resolved module firebase-functions {\"declared\":true,\"installed\":true,\"version\":\"4.5.0\",\"resolution\":\"C:\\\\wamp64\\\\www\\\\artisancoiffurets\\\\backend\\\\firebase-node\\\\functions\\\\node_modules\\\\firebase-functions\\\\lib\\\\v1\\\\index.js\"}"}}
[debug] [2023-12-07T21:44:00.567Z] [runtime-status] [7740] firebase-admin has been stubbed. {"adminResolution":{"declared":true,"installed":true,"version":"11.11.1","resolution":"C:\\wamp64\\www\\artisancoiffurets\\backend\\firebase-node\\functions\\node_modules\\firebase-admin\\lib\\index.js"}} {"metadata":{"emulator":{"name":"functions"},"function":{"name":"us-central1-app"},"extension":{},"message":"[runtime-status] [7740] firebase-admin has been stubbed. {\"adminResolution\":{\"declared\":true,\"installed\":true,\"version\":\"11.11.1\",\"resolution\":\"C:\\\\wamp64\\\\www\\\\artisancoiffurets\\\\backend\\\\firebase-node\\\\functions\\\\node_modules\\\\firebase-admin\\\\lib\\\\index.js\"}}"}}
[debug] [2023-12-07T21:44:01.933Z] [runtime-status] [7740] Functions runtime initialized. {"cwd":"C:\\wamp64\\www\\artisancoiffurets\\backend\\firebase-node\\functions","node_version":"20.10.0"} {"metadata":{"emulator":{"name":"functions"},"function":{"name":"us-central1-app"},"extension":{},"message":"[runtime-status] [7740] Functions runtime initialized. {\"cwd\":\"C:\\\\wamp64\\\\www\\\\artisancoiffurets\\\\backend\\\\firebase-node\\\\functions\",\"node_version\":\"20.10.0\"}"}}
[debug] [2023-12-07T21:44:01.935Z] [runtime-status] [8272] Functions runtime initialized. {"cwd":"C:\\wamp64\\www\\artisancoiffurets\\backend\\firebase-node\\functions","node_version":"20.10.0"} {"metadata":{"emulator":{"name":"functions"},"function":{"name":"us-central1-app"},"extension":{},"message":"[runtime-status] [8272] Functions runtime initialized. {\"cwd\":\"C:\\\\wamp64\\\\www\\\\artisancoiffurets\\\\backend\\\\firebase-node\\\\functions\",\"node_version\":\"20.10.0\"}"}}
[debug] [2023-12-07T21:44:01.935Z] [runtime-status] [7740] Listening to port: \\?\pipe\fire_emu_9f2c21d23c641ae6 {"metadata":{"emulator":{"name":"functions"},"function":{"name":"us-central1-app"},"extension":{},"message":"[runtime-status] [7740] Listening to port: \\\\?\\pipe\\fire_emu_9f2c21d23c641ae6"}}
[debug] [2023-12-07T21:44:01.937Z] [runtime-status] [8272] Listening to port: \\?\pipe\fire_emu_3f1d012356c94afd {"metadata":{"emulator":{"name":"functions"},"function":{"name":"us-central1-app"},"extension":{},"message":"[runtime-status] [8272] Listening to port: \\\\?\\pipe\\fire_emu_3f1d012356c94afd"}}
[debug] [2023-12-07T21:44:01.939Z] [runtime-status] [23756] Functions runtime initialized. {"cwd":"C:\\wamp64\\www\\artisancoiffurets\\backend\\firebase-node\\functions","node_version":"20.10.0"} {"metadata":{"emulator":{"name":"functions"},"function":{"name":"us-central1-app"},"extension":{},"message":"[runtime-status] [23756] Functions runtime initialized. {\"cwd\":\"C:\\\\wamp64\\\\www\\\\artisancoiffurets\\\\backend\\\\firebase-node\\\\functions\",\"node_version\":\"20.10.0\"}"}}
[debug] [2023-12-07T21:44:01.943Z] [runtime-status] [23756] Listening to port: \\?\pipe\fire_emu_3094328df9e04cd1 {"metadata":{"emulator":{"name":"functions"},"function":{"name":"us-central1-app"},"extension":{},"message":"[runtime-status] [23756] Listening to port: \\\\?\\pipe\\fire_emu_3094328df9e04cd1"}}
[debug] [2023-12-07T21:44:01.946Z] [runtime-status] [9464] Functions runtime initialized. {"cwd":"C:\\wamp64\\www\\artisancoiffurets\\backend\\firebase-node\\functions","node_version":"20.10.0"} {"metadata":{"emulator":{"name":"functions"},"function":{"name":"us-central1-app"},"extension":{},"message":"[runtime-status] [9464] Functions runtime initialized. {\"cwd\":\"C:\\\\wamp64\\\\www\\\\artisancoiffurets\\\\backend\\\\firebase-node\\\\functions\",\"node_version\":\"20.10.0\"}"}}
[debug] [2023-12-07T21:44:01.948Z] [runtime-status] [9464] Listening to port: \\?\pipe\fire_emu_c9a529d1da89088f {"metadata":{"emulator":{"name":"functions"},"function":{"name":"us-central1-app"},"extension":{},"message":"[runtime-status] [9464] Listening to port: \\\\?\\pipe\\fire_emu_c9a529d1da89088f"}}
[debug] [2023-12-07T21:44:01.954Z] [worker-us-central1-app-ca28e4da-5005-434a-b761-96223fff9374]: IDLE {"metadata":{"emulator":{"name":"functions"},"function":{"name":"us-central1-app"},"extension":{},"message":"[worker-us-central1-app-ca28e4da-5005-434a-b761-96223fff9374]: IDLE"}}
[debug] [2023-12-07T21:44:01.955Z] [worker-pool] submitRequest(triggerId=us-central1-app) {"metadata":{"emulator":{"name":"functions"},"message":"[worker-pool] submitRequest(triggerId=us-central1-app)"}}
[info] i  functions: Beginning execution of "us-central1-app" {"metadata":{"emulator":{"name":"functions"},"function":{"name":"us-central1-app"},"extension":{},"message":"Beginning execution of \"us-central1-app\""}}
[debug] [2023-12-07T21:44:01.957Z] [worker-us-central1-app-ca28e4da-5005-434a-b761-96223fff9374]: BUSY {"metadata":{"emulator":{"name":"functions"},"function":{"name":"us-central1-app"},"extension":{},"message":"[worker-us-central1-app-ca28e4da-5005-434a-b761-96223fff9374]: BUSY"}}
[debug] [2023-12-07T21:44:01.961Z] [worker-us-central1-app-1daf6344-5839-4164-a732-66b5681682de]: IDLE {"metadata":{"emulator":{"name":"functions"},"function":{"name":"us-central1-app"},"extension":{},"message":"[worker-us-central1-app-1daf6344-5839-4164-a732-66b5681682de]: IDLE"}}
[debug] [2023-12-07T21:44:01.962Z] [worker-pool] submitRequest(triggerId=us-central1-app) {"metadata":{"emulator":{"name":"functions"},"message":"[worker-pool] submitRequest(triggerId=us-central1-app)"}}
[info] i  functions: Beginning execution of "us-central1-app" {"metadata":{"emulator":{"name":"functions"},"function":{"name":"us-central1-app"},"extension":{},"message":"Beginning execution of \"us-central1-app\""}}
[debug] [2023-12-07T21:44:01.963Z] [worker-us-central1-app-1daf6344-5839-4164-a732-66b5681682de]: BUSY {"metadata":{"emulator":{"name":"functions"},"function":{"name":"us-central1-app"},"extension":{},"message":"[worker-us-central1-app-1daf6344-5839-4164-a732-66b5681682de]: BUSY"}}
[debug] [2023-12-07T21:44:01.964Z] [worker-us-central1-app-0273db8e-6ad4-4e3b-a679-b0d5afc74749]: IDLE {"metadata":{"emulator":{"name":"functions"},"function":{"name":"us-central1-app"},"extension":{},"message":"[worker-us-central1-app-0273db8e-6ad4-4e3b-a679-b0d5afc74749]: IDLE"}}
[debug] [2023-12-07T21:44:01.965Z] [worker-pool] submitRequest(triggerId=us-central1-app) {"metadata":{"emulator":{"name":"functions"},"message":"[worker-pool] submitRequest(triggerId=us-central1-app)"}}
[info] i  functions: Beginning execution of "us-central1-app" {"metadata":{"emulator":{"name":"functions"},"function":{"name":"us-central1-app"},"extension":{},"message":"Beginning execution of \"us-central1-app\""}}
[debug] [2023-12-07T21:44:01.966Z] [worker-us-central1-app-0273db8e-6ad4-4e3b-a679-b0d5afc74749]: BUSY {"metadata":{"emulator":{"name":"functions"},"function":{"name":"us-central1-app"},"extension":{},"message":"[worker-us-central1-app-0273db8e-6ad4-4e3b-a679-b0d5afc74749]: BUSY"}}
[info] >  Requête reçue ! {"user":"Requête reçue !","metadata":{"emulator":{"name":"functions"},"function":{"name":"us-central1-app"},"extension":{},"message":"\u001b[90m> \u001b[39m Requête reçue !"}}
[info] >  Requête reçue ! {"user":"Requête reçue !","metadata":{"emulator":{"name":"functions"},"function":{"name":"us-central1-app"},"extension":{},"message":"\u001b[90m> \u001b[39m Requête reçue !"}}
[info] >  Réponse envoyée avec succès ! {"user":"Réponse envoyée avec succès !","metadata":{"emulator":{"name":"functions"},"function":{"name":"us-central1-app"},"extension":{},"message":"\u001b[90m> \u001b[39m Réponse envoyée avec succès !"}}
[info] >  Réponse envoyée avec succès ! {"user":"Réponse envoyée avec succès !","metadata":{"emulator":{"name":"functions"},"function":{"name":"us-central1-app"},"extension":{},"message":"\u001b[90m> \u001b[39m Réponse envoyée avec succès !"}}
[debug] [2023-12-07T21:44:02.086Z] [worker-us-central1-app-21b1581c-e949-4fdc-b816-6facae1a9dc6]: IDLE {"metadata":{"emulator":{"name":"functions"},"function":{"name":"us-central1-app"},"extension":{},"message":"[worker-us-central1-app-21b1581c-e949-4fdc-b816-6facae1a9dc6]: IDLE"}}
[debug] [2023-12-07T21:44:02.086Z] [worker-pool] submitRequest(triggerId=us-central1-app) {"metadata":{"emulator":{"name":"functions"},"message":"[worker-pool] submitRequest(triggerId=us-central1-app)"}}
[info] i  functions: Beginning execution of "us-central1-app" {"metadata":{"emulator":{"name":"functions"},"function":{"name":"us-central1-app"},"extension":{},"message":"Beginning execution of \"us-central1-app\""}}
[debug] [2023-12-07T21:44:02.087Z] [worker-us-central1-app-21b1581c-e949-4fdc-b816-6facae1a9dc6]: BUSY {"metadata":{"emulator":{"name":"functions"},"function":{"name":"us-central1-app"},"extension":{},"message":"[worker-us-central1-app-21b1581c-e949-4fdc-b816-6facae1a9dc6]: BUSY"}}
[info] >  Requête reçue ! {"user":"Requête reçue !","metadata":{"emulator":{"name":"functions"},"function":{"name":"us-central1-app"},"extension":{},"message":"\u001b[90m> \u001b[39m Requête reçue !"}}
[info] >  Requête reçue ! {"user":"Requête reçue !","metadata":{"emulator":{"name":"functions"},"function":{"name":"us-central1-app"},"extension":{},"message":"\u001b[90m> \u001b[39m Requête reçue !"}}
[info] >  Réponse envoyée avec succès ! {"user":"Réponse envoyée avec succès !","metadata":{"emulator":{"name":"functions"},"function":{"name":"us-central1-app"},"extension":{},"message":"\u001b[90m> \u001b[39m Réponse envoyée avec succès !"}}
[info] >  Réponse envoyée avec succès ! {"user":"Réponse envoyée avec succès !","metadata":{"emulator":{"name":"functions"},"function":{"name":"us-central1-app"},"extension":{},"message":"\u001b[90m> \u001b[39m Réponse envoyée avec succès !"}}
[info] >  Connexion à MongoDB réussie ! {"user":"Connexion à MongoDB réussie !","metadata":{"emulator":{"name":"functions"},"function":{"name":"us-central1-app"},"extension":{},"message":"\u001b[90m> \u001b[39m Connexion à MongoDB réussie !"}}
[info] >  Connexion à MongoDB réussie ! {"user":"Connexion à MongoDB réussie !","metadata":{"emulator":{"name":"functions"},"function":{"name":"us-central1-app"},"extension":{},"message":"\u001b[90m> \u001b[39m Connexion à MongoDB réussie !"}}
[info] >  Connexion à MongoDB réussie ! {"user":"Connexion à MongoDB réussie !","metadata":{"emulator":{"name":"functions"},"function":{"name":"us-central1-app"},"extension":{},"message":"\u001b[90m> \u001b[39m Connexion à MongoDB réussie !"}}
[info] >  Connexion à MongoDB réussie ! {"user":"Connexion à MongoDB réussie !","metadata":{"emulator":{"name":"functions"},"function":{"name":"us-central1-app"},"extension":{},"message":"\u001b[90m> \u001b[39m Connexion à MongoDB réussie !"}}
[error] i  Your function timed out after ~60s. To configure this timeout, see
      https://firebase.google.com/docs/functions/manage-functions#set_timeout_and_memory_allocation. {"metadata":{"emulator":{"name":"functions"},"function":{"name":"us-central1-app"},"extension":{},"message":"Your function timed out after ~60s. To configure this timeout, see\n      https://firebase.google.com/docs/functions/manage-functions#set_timeout_and_memory_allocation."}}
[error] i  Your function timed out after ~60s. To configure this timeout, see
      https://firebase.google.com/docs/functions/manage-functions#set_timeout_and_memory_allocation. {"metadata":{"emulator":{"name":"functions"},"function":{"name":"us-central1-app"},"extension":{},"message":"Your function timed out after ~60s. To configure this timeout, see\n      https://firebase.google.com/docs/functions/manage-functions#set_timeout_and_memory_allocation."}}
[error] i  Your function timed out after ~60s. To configure this timeout, see
      https://firebase.google.com/docs/functions/manage-functions#set_timeout_and_memory_allocation. {"metadata":{"emulator":{"name":"functions"},"function":{"name":"us-central1-app"},"extension":{},"message":"Your function timed out after ~60s. To configure this timeout, see\n      https://firebase.google.com/docs/functions/manage-functions#set_timeout_and_memory_allocation."}}
[error] i  Request to function failed: Error: socket hang up {"metadata":{"emulator":{"name":"functions"},"function":{"name":"us-central1-app"},"extension":{},"message":"Request to function failed: Error: socket hang up"}}
[debug] [2023-12-07T21:45:01.989Z] [work-queue] {"queuedWork":[],"queueLength":0,"runningWork":["/backartisan/us-central1/app-2023-12-07T21:43:56.949Z","/backartisan/us-central1/app-2023-12-07T21:43:57.042Z","/backartisan/us-central1/app-2023-12-07T21:43:57.096Z"],"workRunningCount":3}
[error] i  Request to function failed: Error: socket hang up {"metadata":{"emulator":{"name":"functions"},"function":{"name":"us-central1-app"},"extension":{},"message":"Request to function failed: Error: socket hang up"}}
[debug] [2023-12-07T21:45:01.993Z] [work-queue] {"queuedWork":[],"queueLength":0,"runningWork":["/backartisan/us-central1/app-2023-12-07T21:43:56.949Z","/backartisan/us-central1/app-2023-12-07T21:43:57.096Z"],"workRunningCount":2}
[error] i  Request to function failed: Error: socket hang up {"metadata":{"emulator":{"name":"functions"},"function":{"name":"us-central1-app"},"extension":{},"message":"Request to function failed: Error: socket hang up"}}
[debug] [2023-12-07T21:45:01.999Z] [work-queue] {"queuedWork":[],"queueLength":0,"runningWork":["/backartisan/us-central1/app-2023-12-07T21:43:57.096Z"],"workRunningCount":1}
[debug] [2023-12-07T21:45:02.034Z] [worker-us-central1-app-0273db8e-6ad4-4e3b-a679-b0d5afc74749]: exited {"metadata":{"emulator":{"name":"functions"},"function":{"name":"us-central1-app"},"extension":{},"message":"[worker-us-central1-app-0273db8e-6ad4-4e3b-a679-b0d5afc74749]: exited"}}
[debug] [2023-12-07T21:45:02.035Z] [worker-us-central1-app-0273db8e-6ad4-4e3b-a679-b0d5afc74749]: FINISHED {"metadata":{"emulator":{"name":"functions"},"function":{"name":"us-central1-app"},"extension":{},"message":"[worker-us-central1-app-0273db8e-6ad4-4e3b-a679-b0d5afc74749]: FINISHED"}}
[debug] [2023-12-07T21:45:02.054Z] [worker-us-central1-app-1daf6344-5839-4164-a732-66b5681682de]: exited {"metadata":{"emulator":{"name":"functions"},"function":{"name":"us-central1-app"},"extension":{},"message":"[worker-us-central1-app-1daf6344-5839-4164-a732-66b5681682de]: exited"}}
[debug] [2023-12-07T21:45:02.054Z] [worker-us-central1-app-1daf6344-5839-4164-a732-66b5681682de]: FINISHED {"metadata":{"emulator":{"name":"functions"},"function":{"name":"us-central1-app"},"extension":{},"message":"[worker-us-central1-app-1daf6344-5839-4164-a732-66b5681682de]: FINISHED"}}
[debug] [2023-12-07T21:45:02.058Z] [worker-us-central1-app-ca28e4da-5005-434a-b761-96223fff9374]: exited {"metadata":{"emulator":{"name":"functions"},"function":{"name":"us-central1-app"},"extension":{},"message":"[worker-us-central1-app-ca28e4da-5005-434a-b761-96223fff9374]: exited"}}
[debug] [2023-12-07T21:45:02.058Z] [worker-us-central1-app-ca28e4da-5005-434a-b761-96223fff9374]: FINISHED {"metadata":{"emulator":{"name":"functions"},"function":{"name":"us-central1-app"},"extension":{},"message":"[worker-us-central1-app-ca28e4da-5005-434a-b761-96223fff9374]: FINISHED"}}
[debug] [2023-12-07T21:45:02.075Z] Functions emulator received unknown request at path /favicon.ico
[error] i  Your function timed out after ~60s. To configure this timeout, see
      https://firebase.google.com/docs/functions/manage-functions#set_timeout_and_memory_allocation. {"metadata":{"emulator":{"name":"functions"},"function":{"name":"us-central1-app"},"extension":{},"message":"Your function timed out after ~60s. To configure this timeout, see\n      https://firebase.google.com/docs/functions/manage-functions#set_timeout_and_memory_allocation."}}
[error] i  Request to function failed: Error: socket hang up {"metadata":{"emulator":{"name":"functions"},"function":{"name":"us-central1-app"},"extension":{},"message":"Request to function failed: Error: socket hang up"}}
[debug] [2023-12-07T21:45:02.108Z] [work-queue] {"queuedWork":[],"queueLength":0,"runningWork":[],"workRunningCount":0}
[debug] [2023-12-07T21:45:02.133Z] [worker-us-central1-app-21b1581c-e949-4fdc-b816-6facae1a9dc6]: exited {"metadata":{"emulator":{"name":"functions"},"function":{"name":"us-central1-app"},"extension":{},"message":"[worker-us-central1-app-21b1581c-e949-4fdc-b816-6facae1a9dc6]: exited"}}
[debug] [2023-12-07T21:45:02.133Z] [worker-us-central1-app-21b1581c-e949-4fdc-b816-6facae1a9dc6]: FINISHED {"metadata":{"emulator":{"name":"functions"},"function":{"name":"us-central1-app"},"extension":{},"message":"[worker-us-central1-app-21b1581c-e949-4fdc-b816-6facae1a9dc6]: FINISHED"}}
[debug] [2023-12-07T21:45:35.030Z] [work-queue] {"queuedWork":["/backartisan/us-central1/app/api/service-2023-12-07T21:45:35.030Z"],"queueLength":1,"runningWork":[],"workRunningCount":0}
[debug] [2023-12-07T21:45:35.030Z] [work-queue] {"queuedWork":[],"queueLength":0,"runningWork":["/backartisan/us-central1/app/api/service-2023-12-07T21:45:35.030Z"],"workRunningCount":1}
[debug] [2023-12-07T21:45:35.030Z] Accepted request GET /backartisan/us-central1/app/api/service --> us-central1-app
[debug] [2023-12-07T21:45:35.032Z] [functions] Runtime ready! Sending request! {"metadata":{"emulator":{"name":"functions"},"message":"[functions] Runtime ready! Sending request!"}}
[debug] [2023-12-07T21:45:35.032Z] [functions] Got req.url=/backartisan/us-central1/app/api/service, mapping to path=/api/service {"metadata":{"emulator":{"name":"functions"},"message":"[functions] Got req.url=/backartisan/us-central1/app/api/service, mapping to path=/api/service"}}
[debug] [2023-12-07T21:45:35.032Z] [worker-pool] Cleaned up workers for us-central1-app: 4 --> 0 {"metadata":{"emulator":{"name":"functions"},"message":"[worker-pool] Cleaned up workers for us-central1-app: 4 --> 0"}}
[info] i  functions: Loaded environment variables from .env. 
[debug] [2023-12-07T21:45:35.041Z] [worker-pool] addWorker(us-central1-app) {"metadata":{"emulator":{"name":"functions"},"message":"[worker-pool] addWorker(us-central1-app)"}}
[debug] [2023-12-07T21:45:35.041Z] [worker-pool] Adding worker with key us-central1-app, total=1 {"metadata":{"emulator":{"name":"functions"},"message":"[worker-pool] Adding worker with key us-central1-app, total=1"}}
[debug] [2023-12-07T21:45:36.621Z] [runtime-status] [2884] Resolved module firebase-admin {"declared":true,"installed":true,"version":"11.11.1","resolution":"C:\\wamp64\\www\\artisancoiffurets\\backend\\firebase-node\\functions\\node_modules\\firebase-admin\\lib\\index.js"} {"metadata":{"emulator":{"name":"functions"},"function":{"name":"us-central1-app"},"extension":{},"message":"[runtime-status] [2884] Resolved module firebase-admin {\"declared\":true,\"installed\":true,\"version\":\"11.11.1\",\"resolution\":\"C:\\\\wamp64\\\\www\\\\artisancoiffurets\\\\backend\\\\firebase-node\\\\functions\\\\node_modules\\\\firebase-admin\\\\lib\\\\index.js\"}"}}
[debug] [2023-12-07T21:45:36.623Z] [runtime-status] [2884] Resolved module firebase-functions {"declared":true,"installed":true,"version":"4.5.0","resolution":"C:\\wamp64\\www\\artisancoiffurets\\backend\\firebase-node\\functions\\node_modules\\firebase-functions\\lib\\v1\\index.js"} {"metadata":{"emulator":{"name":"functions"},"function":{"name":"us-central1-app"},"extension":{},"message":"[runtime-status] [2884] Resolved module firebase-functions {\"declared\":true,\"installed\":true,\"version\":\"4.5.0\",\"resolution\":\"C:\\\\wamp64\\\\www\\\\artisancoiffurets\\\\backend\\\\firebase-node\\\\functions\\\\node_modules\\\\firebase-functions\\\\lib\\\\v1\\\\index.js\"}"}}
[debug] [2023-12-07T21:45:36.624Z] [runtime-status] [2884] Outgoing network have been stubbed. [{"name":"http","status":"mocked"},{"name":"http","status":"mocked"},{"name":"https","status":"mocked"},{"name":"https","status":"mocked"},{"name":"net","status":"mocked"}] {"metadata":{"emulator":{"name":"functions"},"function":{"name":"us-central1-app"},"extension":{},"message":"[runtime-status] [2884] Outgoing network have been stubbed. [{\"name\":\"http\",\"status\":\"mocked\"},{\"name\":\"http\",\"status\":\"mocked\"},{\"name\":\"https\",\"status\":\"mocked\"},{\"name\":\"https\",\"status\":\"mocked\"},{\"name\":\"net\",\"status\":\"mocked\"}]"}}
[debug] [2023-12-07T21:45:36.625Z] [runtime-status] [2884] Resolved module firebase-functions {"declared":true,"installed":true,"version":"4.5.0","resolution":"C:\\wamp64\\www\\artisancoiffurets\\backend\\firebase-node\\functions\\node_modules\\firebase-functions\\lib\\v1\\index.js"} {"metadata":{"emulator":{"name":"functions"},"function":{"name":"us-central1-app"},"extension":{},"message":"[runtime-status] [2884] Resolved module firebase-functions {\"declared\":true,\"installed\":true,\"version\":\"4.5.0\",\"resolution\":\"C:\\\\wamp64\\\\www\\\\artisancoiffurets\\\\backend\\\\firebase-node\\\\functions\\\\node_modules\\\\firebase-functions\\\\lib\\\\v1\\\\index.js\"}"}}
[debug] [2023-12-07T21:45:36.952Z] [runtime-status] [2884] Checked functions.config() {"config":{}} {"metadata":{"emulator":{"name":"functions"},"function":{"name":"us-central1-app"},"extension":{},"message":"[runtime-status] [2884] Checked functions.config() {\"config\":{}}"}}
[debug] [2023-12-07T21:45:36.952Z] [runtime-status] [2884] firebase-functions has been stubbed. {"functionsResolution":{"declared":true,"installed":true,"version":"4.5.0","resolution":"C:\\wamp64\\www\\artisancoiffurets\\backend\\firebase-node\\functions\\node_modules\\firebase-functions\\lib\\v1\\index.js"}} {"metadata":{"emulator":{"name":"functions"},"function":{"name":"us-central1-app"},"extension":{},"message":"[runtime-status] [2884] firebase-functions has been stubbed. {\"functionsResolution\":{\"declared\":true,\"installed\":true,\"version\":\"4.5.0\",\"resolution\":\"C:\\\\wamp64\\\\www\\\\artisancoiffurets\\\\backend\\\\firebase-node\\\\functions\\\\node_modules\\\\firebase-functions\\\\lib\\\\v1\\\\index.js\"}}"}}
[debug] [2023-12-07T21:45:36.953Z] [runtime-status] [2884] Resolved module firebase-functions {"declared":true,"installed":true,"version":"4.5.0","resolution":"C:\\wamp64\\www\\artisancoiffurets\\backend\\firebase-node\\functions\\node_modules\\firebase-functions\\lib\\v1\\index.js"} {"metadata":{"emulator":{"name":"functions"},"function":{"name":"us-central1-app"},"extension":{},"message":"[runtime-status] [2884] Resolved module firebase-functions {\"declared\":true,\"installed\":true,\"version\":\"4.5.0\",\"resolution\":\"C:\\\\wamp64\\\\www\\\\artisancoiffurets\\\\backend\\\\firebase-node\\\\functions\\\\node_modules\\\\firebase-functions\\\\lib\\\\v1\\\\index.js\"}"}}
[debug] [2023-12-07T21:45:36.954Z] [runtime-status] [2884] Resolved module firebase-admin {"declared":true,"installed":true,"version":"11.11.1","resolution":"C:\\wamp64\\www\\artisancoiffurets\\backend\\firebase-node\\functions\\node_modules\\firebase-admin\\lib\\index.js"} {"metadata":{"emulator":{"name":"functions"},"function":{"name":"us-central1-app"},"extension":{},"message":"[runtime-status] [2884] Resolved module firebase-admin {\"declared\":true,\"installed\":true,\"version\":\"11.11.1\",\"resolution\":\"C:\\\\wamp64\\\\www\\\\artisancoiffurets\\\\backend\\\\firebase-node\\\\functions\\\\node_modules\\\\firebase-admin\\\\lib\\\\index.js\"}"}}
[debug] [2023-12-07T21:45:36.958Z] [runtime-status] [2884] Resolved module firebase-functions {"declared":true,"installed":true,"version":"4.5.0","resolution":"C:\\wamp64\\www\\artisancoiffurets\\backend\\firebase-node\\functions\\node_modules\\firebase-functions\\lib\\v1\\index.js"} {"metadata":{"emulator":{"name":"functions"},"function":{"name":"us-central1-app"},"extension":{},"message":"[runtime-status] [2884] Resolved module firebase-functions {\"declared\":true,\"installed\":true,\"version\":\"4.5.0\",\"resolution\":\"C:\\\\wamp64\\\\www\\\\artisancoiffurets\\\\backend\\\\firebase-node\\\\functions\\\\node_modules\\\\firebase-functions\\\\lib\\\\v1\\\\index.js\"}"}}
[debug] [2023-12-07T21:45:36.958Z] [runtime-status] [2884] firebase-admin has been stubbed. {"adminResolution":{"declared":true,"installed":true,"version":"11.11.1","resolution":"C:\\wamp64\\www\\artisancoiffurets\\backend\\firebase-node\\functions\\node_modules\\firebase-admin\\lib\\index.js"}} {"metadata":{"emulator":{"name":"functions"},"function":{"name":"us-central1-app"},"extension":{},"message":"[runtime-status] [2884] firebase-admin has been stubbed. {\"adminResolution\":{\"declared\":true,\"installed\":true,\"version\":\"11.11.1\",\"resolution\":\"C:\\\\wamp64\\\\www\\\\artisancoiffurets\\\\backend\\\\firebase-node\\\\functions\\\\node_modules\\\\firebase-admin\\\\lib\\\\index.js\"}}"}}
[debug] [2023-12-07T21:45:37.616Z] [runtime-status] [2884] Functions runtime initialized. {"cwd":"C:\\wamp64\\www\\artisancoiffurets\\backend\\firebase-node\\functions","node_version":"20.10.0"} {"metadata":{"emulator":{"name":"functions"},"function":{"name":"us-central1-app"},"extension":{},"message":"[runtime-status] [2884] Functions runtime initialized. {\"cwd\":\"C:\\\\wamp64\\\\www\\\\artisancoiffurets\\\\backend\\\\firebase-node\\\\functions\",\"node_version\":\"20.10.0\"}"}}
[debug] [2023-12-07T21:45:37.616Z] [runtime-status] [2884] Listening to port: \\?\pipe\fire_emu_5a62dbfc794071e7 {"metadata":{"emulator":{"name":"functions"},"function":{"name":"us-central1-app"},"extension":{},"message":"[runtime-status] [2884] Listening to port: \\\\?\\pipe\\fire_emu_5a62dbfc794071e7"}}
[debug] [2023-12-07T21:45:37.676Z] [worker-us-central1-app-41ff1bda-7e87-44a9-8622-ba5786dc8ab6]: IDLE {"metadata":{"emulator":{"name":"functions"},"function":{"name":"us-central1-app"},"extension":{},"message":"[worker-us-central1-app-41ff1bda-7e87-44a9-8622-ba5786dc8ab6]: IDLE"}}
[debug] [2023-12-07T21:45:37.677Z] [worker-pool] submitRequest(triggerId=us-central1-app) {"metadata":{"emulator":{"name":"functions"},"message":"[worker-pool] submitRequest(triggerId=us-central1-app)"}}
[info] i  functions: Beginning execution of "us-central1-app" {"metadata":{"emulator":{"name":"functions"},"function":{"name":"us-central1-app"},"extension":{},"message":"Beginning execution of \"us-central1-app\""}}
[debug] [2023-12-07T21:45:37.677Z] [worker-us-central1-app-41ff1bda-7e87-44a9-8622-ba5786dc8ab6]: BUSY {"metadata":{"emulator":{"name":"functions"},"function":{"name":"us-central1-app"},"extension":{},"message":"[worker-us-central1-app-41ff1bda-7e87-44a9-8622-ba5786dc8ab6]: BUSY"}}
[info] >  Connexion à MongoDB réussie ! {"user":"Connexion à MongoDB réussie !","metadata":{"emulator":{"name":"functions"},"function":{"name":"us-central1-app"},"extension":{},"message":"\u001b[90m> \u001b[39m Connexion à MongoDB réussie !"}}
[debug] [2023-12-07T21:45:41.337Z] Finishing up request with event=pause {"metadata":{"emulator":{"name":"functions"},"function":{"name":"us-central1-app"},"extension":{},"message":"Finishing up request with event=pause"}}
[info] i  functions: Finished "us-central1-app" in 3660.1296ms {"metadata":{"emulator":{"name":"functions"},"function":{"name":"us-central1-app"},"extension":{},"message":"Finished \"us-central1-app\" in 3660.1296ms"}}
[debug] [2023-12-07T21:45:41.338Z] [worker-us-central1-app-41ff1bda-7e87-44a9-8622-ba5786dc8ab6]: IDLE {"metadata":{"emulator":{"name":"functions"},"function":{"name":"us-central1-app"},"extension":{},"message":"[worker-us-central1-app-41ff1bda-7e87-44a9-8622-ba5786dc8ab6]: IDLE"}}
[debug] [2023-12-07T21:45:41.341Z] Finishing up request with event=finish {"metadata":{"emulator":{"name":"functions"},"function":{"name":"us-central1-app"},"extension":{},"message":"Finishing up request with event=finish"}}
[debug] [2023-12-07T21:45:41.341Z] Finishing up request with event=close {"metadata":{"emulator":{"name":"functions"},"function":{"name":"us-central1-app"},"extension":{},"message":"Finishing up request with event=close"}}
[debug] [2023-12-07T21:45:41.341Z] [work-queue] {"queuedWork":[],"queueLength":0,"runningWork":[],"workRunningCount":0}
